[debug] [2022-06-01T15:29:56.711Z] ----------------------------------------------------------------------
[debug] [2022-06-01T15:29:56.714Z] Command:       C:\Program Files\nodejs\node.exe C:\Users\nasht\AppData\Roaming\npm\node_modules\firebase-tools\lib\bin\firebase.js init
[debug] [2022-06-01T15:29:56.715Z] CLI Version:   10.0.1
[debug] [2022-06-01T15:29:56.715Z] Platform:      win32
[debug] [2022-06-01T15:29:56.715Z] Node Version:  v16.14.2
[debug] [2022-06-01T15:29:56.717Z] Time:          Wed Jun 01 2022 21:29:56 GMT+0600 (Bangladesh Standard Time)
[debug] [2022-06-01T15:29:56.717Z] ----------------------------------------------------------------------
[debug] 
[debug] [2022-06-01T15:29:56.808Z] > command requires scopes: ["email","openid","https://www.googleapis.com/auth/cloudplatformprojects.readonly","https://www.googleapis.com/auth/firebase","https://www.googleapis.com/auth/cloud-platform"]
[debug] [2022-06-01T15:29:56.809Z] > authorizing via signed-in user (nashtarin.nur@gmail.com)
[info] 
     ######## #### ########  ######## ########     ###     ######  ########
     ##        ##  ##     ## ##       ##     ##  ##   ##  ##       ##
     ######    ##  ########  ######   ########  #########  ######  ######
     ##        ##  ##    ##  ##       ##     ## ##     ##       ## ##
     ##       #### ##     ## ######## ########  ##     ##  ######  ########

You're about to initialize a Firebase project in this directory:

  C:\Project\phtoto-gallary

Before we get started, keep in mind:

  * You are currently outside your home directory
  * You are initializing within an existing Firebase project directory

